# JRE version: OpenJDK Runtime Environment Temurin-17.0.19+10 (17.0.19+10) (build 17.0.19+10)
# Java VM: OpenJDK 64-Bit Server VM Temurin-17.0.19+10 (17.0.19+10, mixed mode, sharing, tiered, compressed oops, compressed class ptrs, g1 gc, windows-amd64)
GC Precious Log:
 CPUs: 8 total, 8 available
 Memory: 16049M
 Large Page Support: Disabled
 NUMA Support: Disabled
 Compressed Oops: Enabled (Zero based)
 Heap Region Size: 2M
 Heap Min Capacity: 8M
 Heap Initial Capacity: 252M
 Heap Max Capacity: 4014M
 Pre-touch: Disabled
 Parallel Workers: 8
 Concurrent Workers: 2
 Concurrent Refinement Workers: 8
 Periodic GC: Disabled
Heap:
 garbage-first heap   total 161792K, used 96650K [0x0000000705200000, 0x0000000800000000)
  region size 2048K, 15 young (30720K), 1 survivors (2048K)
 Metaspace       used 36712K, committed 37184K, reserved 1114112K
  class space    used 4066K, committed 4288K, reserved 1048576K
GC Heap History (20 events):
Event: 25.292 GC heap before
{Heap before GC invocations=12 (full 0):
 garbage-first heap   total 131072K, used 100850K [0x0000000705200000, 0x0000000800000000)
  region size 2048K, 25 young (51200K), 3 survivors (6144K)
 Metaspace       used 29474K, committed 29888K, reserved 1114112K
  class space    used 3318K, committed 3520K, reserved 1048576K
}
Event: 25.313 GC heap after
{Heap after GC invocations=13 (full 0):
 garbage-first heap   total 131072K, used 57341K [0x0000000705200000, 0x0000000800000000)
  region size 2048K, 3 young (6144K), 3 survivors (6144K)
 Metaspace       used 29474K, committed 29888K, reserved 1114112K
  class space    used 3318K, committed 3520K, reserved 1048576K
}
Event: 26.283 GC heap before
{Heap before GC invocations=13 (full 0):
 garbage-first heap   total 131072K, used 102397K [0x0000000705200000, 0x0000000800000000)
  region size 2048K, 25 young (51200K), 3 survivors (6144K)
 Metaspace       used 29610K, committed 30016K, reserved 1114112K
  class space    used 3321K, committed 3520K, reserved 1048576K
}
Event: 26.303 GC heap after
{Heap after GC invocations=14 (full 0):
 garbage-first heap   total 131072K, used 58248K [0x0000000705200000, 0x0000000800000000)
  region size 2048K, 3 young (6144K), 3 survivors (6144K)
 Metaspace       used 29610K, committed 30016K, reserved 1114112K
  class space    used 3321K, committed 3520K, reserved 1048576K
}
Event: 26.964 GC heap before
{Heap before GC invocations=14 (full 0):
 garbage-first heap   total 131072K, used 103304K [0x0000000705200000, 0x0000000800000000)
  region size 2048K, 25 young (51200K), 3 survivors (6144K)
 Metaspace       used 29682K, committed 30144K, reserved 1114112K
  class space    used 3321K, committed 3520K, reserved 1048576K
}
Event: 26.977 GC heap after
{Heap after GC invocations=15 (full 0):
 garbage-first heap   total 131072K, used 57453K [0x0000000705200000, 0x0000000800000000)
  region size 2048K, 1 young (2048K), 1 survivors (2048K)
 Metaspace       used 29682K, committed 30144K, reserved 1114112K
  class space    used 3321K, committed 3520K, reserved 1048576K
}
Event: 29.989 GC heap before
{Heap before GC invocations=15 (full 0):
 garbage-first heap   total 131072K, used 106605K [0x0000000705200000, 0x0000000800000000)
  region size 2048K, 24 young (49152K), 1 survivors (2048K)
 Metaspace       used 31712K, committed 32128K, reserved 1114112K
  class space    used 3541K, committed 3712K, reserved 1048576K
}
Event: 30.012 GC heap after
{Heap after GC invocations=16 (full 0):
 garbage-first heap   total 157696K, used 61554K [0x0000000705200000, 0x0000000800000000)
  region size 2048K, 2 young (4096K), 2 survivors (4096K)
 Metaspace       used 31712K, committed 32128K, reserved 1114112K
  class space    used 3541K, committed 3712K, reserved 1048576K
}
Event: 33.646 GC heap before
{Heap before GC invocations=16 (full 0):
 garbage-first heap   total 157696K, used 127090K [0x0000000705200000, 0x0000000800000000)
  region size 2048K, 34 young (69632K), 2 survivors (4096K)
 Metaspace       used 32241K, committed 32640K, reserved 1114112K
  class space    used 3574K, committed 3776K, reserved 1048576K
}
Event: 33.676 GC heap after
{Heap after GC invocations=17 (full 0):
 garbage-first heap   total 157696K, used 76444K [0x0000000705200000, 0x0000000800000000)
  region size 2048K, 5 young (10240K), 5 survivors (10240K)
 Metaspace       used 32241K, committed 32640K, reserved 1114112K
  class space    used 3574K, committed 3776K, reserved 1048576K
}
Event: 35.072 GC heap before
{Heap before GC invocations=17 (full 0):
 garbage-first heap   total 157696K, used 119452K [0x0000000705200000, 0x0000000800000000)
  region size 2048K, 27 young (55296K), 5 survivors (10240K)
 Metaspace       used 32269K, committed 32640K, reserved 1114112K
  class space    used 3576K, committed 3776K, reserved 1048576K
}
Event: 35.106 GC heap after
{Heap after GC invocations=18 (full 0):
 garbage-first heap   total 157696K, used 90682K [0x0000000705200000, 0x0000000800000000)
  region size 2048K, 4 young (8192K), 4 survivors (8192K)
 Metaspace       used 32269K, committed 32640K, reserved 1114112K
  class space    used 3576K, committed 3776K, reserved 1048576K
}
Event: 37.070 GC heap before
{Heap before GC invocations=18 (full 0):
 garbage-first heap   total 157696K, used 117306K [0x0000000705200000, 0x0000000800000000)
  region size 2048K, 18 young (36864K), 4 survivors (8192K)
 Metaspace       used 33357K, committed 33792K, reserved 1114112K
  class space    used 3708K, committed 3904K, reserved 1048576K
}
Event: 37.084 GC heap after
{Heap after GC invocations=19 (full 0):
 garbage-first heap   total 157696K, used 93179K [0x0000000705200000, 0x0000000800000000)
  region size 2048K, 1 young (2048K), 1 survivors (2048K)
 Metaspace       used 33357K, committed 33792K, reserved 1114112K
  class space    used 3708K, committed 3904K, reserved 1048576K
}
Event: 38.553 GC heap before
{Heap before GC invocations=20 (full 0):
 garbage-first heap   total 161792K, used 119803K [0x0000000705200000, 0x0000000800000000)
  region size 2048K, 15 young (30720K), 1 survivors (2048K)
 Metaspace       used 33780K, committed 34176K, reserved 1114112K
  class space    used 3748K, committed 3904K, reserved 1048576K
}
Event: 38.566 GC heap after
{Heap after GC invocations=21 (full 0):
 garbage-first heap   total 161792K, used 94313K [0x0000000705200000, 0x0000000800000000)
  region size 2048K, 2 young (4096K), 2 survivors (4096K)
 Metaspace       used 33780K, committed 34176K, reserved 1114112K
  class space    used 3748K, committed 3904K, reserved 1048576K
}
Event: 38.656 GC heap before
{Heap before GC invocations=21 (full 0):
 garbage-first heap   total 161792K, used 96361K [0x0000000705200000, 0x0000000800000000)
  region size 2048K, 3 young (6144K), 2 survivors (4096K)
 Metaspace       used 33786K, committed 34176K, reserved 1114112K
  class space    used 3748K, committed 3904K, reserved 1048576K
}
Event: 38.674 GC heap after
{Heap after GC invocations=22 (full 0):
 garbage-first heap   total 161792K, used 80042K [0x0000000705200000, 0x0000000800000000)
  region size 2048K, 1 young (2048K), 1 survivors (2048K)
 Metaspace       used 33786K, committed 34176K, reserved 1114112K
  class space    used 3748K, committed 3904K, reserved 1048576K
}
Event: 38.819 GC heap before
{Heap before GC invocations=22 (full 0):
 garbage-first heap   total 161792K, used 84138K [0x0000000705200000, 0x0000000800000000)
  region size 2048K, 3 young (6144K), 1 survivors (2048K)
 Metaspace       used 33799K, committed 34240K, reserved 1114112K
  class space    used 3749K, committed 3968K, reserved 1048576K
}
Event: 38.836 GC heap after
{Heap after GC invocations=23 (full 0):
 garbage-first heap   total 161792K, used 70026K [0x0000000705200000, 0x0000000800000000)
  region size 2048K, 1 young (2048K), 1 survivors (2048K)
 Metaspace       used 33799K, committed 34240K, reserved 1114112K
  class space    used 3749K, committed 3968K, reserved 1048576K
}

